<?xml version="1.0" encoding="UTF-8"?>
<!-- Generated by org.testng.reporters.JUnitXMLReporter -->
<testsuite ignored="2" hostname="LAPTOP-5OG2MH5D" failures="0" tests="1" name="Frame" time="24.675" errors="0" timestamp="2024-08-03T17:51:10 IST">
  <testcase classname="ignoreInTestng.ScenarioTest" name="frame" time="23.645"/>
  <testcase classname="ignoreInTestng.ScenarioTest" name="windowhandle" time="0.0">
    <ignored/>
  </testcase> <!-- windowhandle -->
  <testcase classname="ignoreInTestng.ScenarioTest" name="scroll" time="0.0">
    <ignored/>
  </testcase> <!-- scroll -->
</testsuite> <!-- Frame -->
