<?xml version="1.0" encoding="UTF-8"?>
<!-- Generated by org.testng.reporters.JUnitXMLReporter -->
<testsuite ignored="2" hostname="LAPTOP-5OG2MH5D" failures="0" tests="1" name="Scroll" time="6.988" errors="0" timestamp="2024-08-03T17:50:46 IST">
  <testcase classname="ignoreInTestng.ScenarioTest" name="scroll" time="6.212"/>
  <testcase classname="ignoreInTestng.ScenarioTest" name="frame" time="0.0">
    <ignored/>
  </testcase> <!-- frame -->
  <testcase classname="ignoreInTestng.ScenarioTest" name="windowhandle" time="0.0">
    <ignored/>
  </testcase> <!-- windowhandle -->
</testsuite> <!-- Scroll -->
