<?xml version="1.0" encoding="UTF-8"?>
<!-- Generated by org.testng.reporters.JUnitXMLReporter -->
<testsuite ignored="0" hostname="LAPTOP-5OG2MH5D" failures="0" tests="10" name="SmokeTest" time="0.075" errors="0" timestamp="2024-08-03T21:39:15 IST">
  <testcase classname="dependencyInTestng.DemoTest2" name="TC006" time="0.007"/>
  <testcase classname="dependencyInTestng.DemoTest2" name="TC008" time="0.001"/>
  <testcase classname="dependencyInTestng.DemoTest2" name="TC009" time="0.001"/>
  <testcase classname="dependencyInTestng.DemoTest2" name="TC010" time="0.001"/>
  <testcase classname="dependencyInTestng.DemoTest1" name="TC001" time="0.001"/>
  <testcase classname="dependencyInTestng.DemoTest1" name="TC003" time="0.0"/>
  <testcase classname="dependencyInTestng.DemoTest1" name="TC004" time="0.001"/>
  <testcase classname="dependencyInTestng.DemoTest1" name="TC005" time="0.001"/>
  <testcase classname="dependencyInTestng.DemoTest2" name="TC007" time="0.001"/>
  <testcase classname="dependencyInTestng.DemoTest1" name="TC002" time="0.002"/>
</testsuite> <!-- SmokeTest -->
