<?xml version="1.0" encoding="UTF-8"?>
<!-- Generated by org.testng.reporters.JUnitXMLReporter -->
<testsuite ignored="1" hostname="LAPTOP-5OG2MH5D" failures="0" tests="4" name="Test1" time="0.033" errors="0" timestamp="2024-08-03T18:13:05 IST">
  <testcase classname="enableDesable.Test1" name="TC001" time="0.008"/>
  <testcase classname="enableDesable.Test1" name="TC002" time="0.0"/>
  <testcase classname="enableDesable.Test1" name="TC004" time="0.001"/>
  <testcase classname="enableDesable.Test1" name="TC005" time="0.001"/>
  <testcase classname="enableDesable.Test1" name="TC003" time="0.0">
    <ignored/>
  </testcase> <!-- TC003 -->
</testsuite> <!-- Test1 -->
