<?xml version="1.0" encoding="UTF-8"?>
<!-- Generated by org.testng.reporters.JUnitXMLReporter -->
<testsuite ignored="2" hostname="LAPTOP-5OG2MH5D" failures="0" tests="3" name="Test2" time="0.026" errors="0" timestamp="2024-08-03T18:16:44 IST">
  <testcase classname="enableDesable.Test2" name="TC007" time="0.005"/>
  <testcase classname="enableDesable.Test2" name="TC009" time="0.001"/>
  <testcase classname="enableDesable.Test2" name="TC010" time="0.0"/>
  <testcase classname="enableDesable.Test2" name="TC006" time="0.0">
    <ignored/>
  </testcase> <!-- TC006 -->
  <testcase classname="enableDesable.Test2" name="TC008" time="0.0">
    <ignored/>
  </testcase> <!-- TC008 -->
</testsuite> <!-- Test2 -->
