<?xml version="1.0" encoding="UTF-8"?>
<testng-results ignored="0" total="1" passed="1" failed="0" skipped="0">
  <reporter-output>
  </reporter-output>
  <suite started-at="2024-09-14T13:20:06 IST" name="Suite" finished-at="2024-09-14T13:20:10 IST" duration-ms="4022">
    <groups>
    </groups>
    <test started-at="2024-09-14T13:20:06 IST" name="Test" finished-at="2024-09-14T13:20:10 IST" duration-ms="4022">
      <class name="testNGCode.DemoTest">
        <test-method is-config="true" signature="init()[pri:0, instance:testNGCode.DemoTest@4f80542f]" started-at="2024-09-14T13:20:06 IST" name="init" finished-at="2024-09-14T13:20:08 IST" duration-ms="1436" status="PASS">
          <reporter-output>
          </reporter-output>
        </test-method> <!-- init -->
        <test-method signature="login()[pri:0, instance:testNGCode.DemoTest@4f80542f]" started-at="2024-09-14T13:20:08 IST" name="login" finished-at="2024-09-14T13:20:10 IST" duration-ms="2550" status="PASS">
          <reporter-output>
          </reporter-output>
        </test-method> <!-- login -->
      </class> <!-- testNGCode.DemoTest -->
    </test> <!-- Test -->
  </suite> <!-- Suite -->
</testng-results>
