<?xml version="1.0" encoding="UTF-8"?>
<testng-results ignored="0" total="1" passed="1" failed="0" skipped="0">
  <reporter-output>
  </reporter-output>
  <suite started-at="2024-09-14T13:04:18 IST" name="Default suite" finished-at="2024-09-14T13:04:22 IST" duration-ms="4325">
    <groups>
    </groups>
    <test started-at="2024-09-14T13:04:18 IST" name="Default test" finished-at="2024-09-14T13:04:22 IST" duration-ms="4325">
      <class name="testNGCode.DemoTest">
        <test-method is-config="true" signature="init()[pri:0, instance:testNGCode.DemoTest@4f80542f]" started-at="2024-09-14T13:04:18 IST" name="init" finished-at="2024-09-14T13:04:19 IST" duration-ms="1453" status="PASS">
          <reporter-output>
          </reporter-output>
        </test-method> <!-- init -->
        <test-method signature="login()[pri:0, instance:testNGCode.DemoTest@4f80542f]" started-at="2024-09-14T13:04:19 IST" name="login" finished-at="2024-09-14T13:04:22 IST" duration-ms="2838" status="PASS">
          <reporter-output>
          </reporter-output>
        </test-method> <!-- login -->
      </class> <!-- testNGCode.DemoTest -->
    </test> <!-- Default test -->
  </suite> <!-- Default suite -->
</testng-results>
