<?xml version="1.0" encoding="UTF-8"?>
<!-- Generated by org.testng.reporters.JUnitReportReporter -->
<testsuite hostname="LAPTOP-5OG2MH5D" failures="0" tests="4" name="listenerInTestng.TestClass2" time="0.227" errors="1" timestamp="2024-09-02T11:29:05 IST" skipped="1">
  <testcase classname="listenerInTestng.TestClass2" name="Test1" time="0.007"/>
  <system-out/>
  <testcase classname="listenerInTestng.TestClass2" name="Test2" time="0.001"/>
  <system-out/>
  <testcase classname="listenerInTestng.TestClass2" name="Test3" time="0.212">
    <error message="Method listenerInTestng.TestClass2.Test3() didn&#039;t finish within the time-out 200" type="org.testng.internal.thread.ThreadTimeoutException">
      <![CDATA[org.testng.internal.thread.ThreadTimeoutException: Method listenerInTestng.TestClass2.Test3() didn't finish within the time-out 200
at java.base@17.0.9/java.lang.Thread.sleep(Native Method)
at app//listenerInTestng.TestClass2.Test3(TestClass2.java:22)
at java.base@17.0.9/jdk.internal.reflect.NativeMethodAccessorImpl.invoke0(Native Method)
at java.base@17.0.9/jdk.internal.reflect.NativeMethodAccessorImpl.invoke(NativeMethodAccessorImpl.java:77)
at java.base@17.0.9/jdk.internal.reflect.DelegatingMethodAccessorImpl.invoke(DelegatingMethodAccessorImpl.java:43)
at java.base@17.0.9/java.lang.reflect.Method.invoke(Method.java:568)
at app//org.testng.internal.invokers.MethodInvocationHelper.invokeMethod(MethodInvocationHelper.java:136)
at app//org.testng.internal.invokers.InvokeMethodRunnable.runOne(InvokeMethodRunnable.java:44)
at app//org.testng.internal.invokers.InvokeMethodRunnable.call(InvokeMethodRunnable.java:72)
at app//org.testng.internal.invokers.InvokeMethodRunnable.call(InvokeMethodRunnable.java:10)
at java.base@17.0.9/java.util.concurrent.FutureTask.run(FutureTask.java:264)
at java.base@17.0.9/java.util.concurrent.ThreadPoolExecutor.runWorker(ThreadPoolExecutor.java:1136)
at java.base@17.0.9/java.util.concurrent.ThreadPoolExecutor$Worker.run(ThreadPoolExecutor.java:635)
at java.base@17.0.9/java.lang.Thread.run(Thread.java:840)
]]>
    </error>
  </testcase> <!-- Test3 -->
  <system-out/>
  <testcase classname="listenerInTestng.TestClass2" name="Test4" time="0.007">
    <skipped/>
  </testcase> <!-- Test4 -->
  <system-out/>
</testsuite> <!-- listenerInTestng.TestClass2 -->
