<?xml version="1.0" encoding="UTF-8"?>
<!-- Generated by org.testng.reporters.JUnitReportReporter -->
<testsuite hostname="LAPTOP-5OG2MH5D" failures="0" tests="5" name="ignoreInTestng.IgnoreInTest" time="0.008" errors="0" timestamp="2024-08-03T17:23:59 IST" skipped="2">
  <testcase classname="ignoreInTestng.IgnoreInTest" name="TC004" time="0.000"/>
  <system-out/>
  <testcase classname="ignoreInTestng.IgnoreInTest" name="TC003" time="0.002"/>
  <system-out/>
  <testcase classname="ignoreInTestng.IgnoreInTest" name="TC001" time="0.006"/>
  <system-out/>
  <testcase classname="ignoreInTestng.IgnoreInTest" name="TC005">
    <skipped/>
  </testcase> <!-- TC005 -->
  <system-out/>
  <testcase classname="ignoreInTestng.IgnoreInTest" name="TC002">
    <skipped/>
  </testcase> <!-- TC002 -->
  <system-out/>
</testsuite> <!-- ignoreInTestng.IgnoreInTest -->
